{
  "RSpec": {
    "coverage": {
      "/Users/alan/Developer/projects/pessoal/desafio/todo-list/app/channels/application_cable/channel.rb": {
        "lines": [
          0,
          0,
          0,
          0
        ],
        "branches": {
        }
      },
      "/Users/alan/Developer/projects/pessoal/desafio/todo-list/app/channels/application_cable/connection.rb": {
        "lines": [
          0,
          0,
          0,
          0
        ],
        "branches": {
        }
      },
      "/Users/alan/Developer/projects/pessoal/desafio/todo-list/app/controllers/application_controller.rb": {
        "lines": [
          0,
          0
        ],
        "branches": {
        }
      },
      "/Users/alan/Developer/projects/pessoal/desafio/todo-list/app/helpers/application_helper.rb": {
        "lines": [
          0,
          0
        ],
        "branches": {
        }
      },
      "/Users/alan/Developer/projects/pessoal/desafio/todo-list/app/jobs/application_job.rb": {
        "lines": [
          0,
          null,
          null,
          null,
          null,
          null,
          0
        ],
        "branches": {
        }
      },
      "/Users/alan/Developer/projects/pessoal/desafio/todo-list/app/mailers/application_mailer.rb": {
        "lines": [
          0,
          0,
          0,
          0
        ],
        "branches": {
        }
      },
      "/Users/alan/Developer/projects/pessoal/desafio/todo-list/app/models/application_record.rb": {
        "lines": [
          0,
          0,
          0
        ],
        "branches": {
        }
      }
    },
    "timestamp": 1653427836
  }
}
